0 info it worked if it ends with ok
1 verbose cli [ '/usr/local/bin/node',
1 verbose cli   '/usr/local/bin/npm',
1 verbose cli   'install',
1 verbose cli   'nodewebkit' ]
2 info using npm@2.14.7
3 info using node@v4.2.3
4 verbose install initial load of /Users/joshuapaulsmyth/repositories_git/Hero-U/Composer/package.json
5 verbose stack Error: Invalid version: "0.1"
5 verbose stack     at Object.module.exports.fixVersionField (/usr/local/lib/node_modules/npm/node_modules/normalize-package-data/lib/fixer.js:186:13)
5 verbose stack     at /usr/local/lib/node_modules/npm/node_modules/normalize-package-data/lib/normalize.js:32:38
5 verbose stack     at Array.forEach (native)
5 verbose stack     at normalize (/usr/local/lib/node_modules/npm/node_modules/normalize-package-data/lib/normalize.js:31:15)
5 verbose stack     at final (/usr/local/lib/node_modules/npm/node_modules/read-package-json/read-json.js:338:5)
5 verbose stack     at then (/usr/local/lib/node_modules/npm/node_modules/read-package-json/read-json.js:113:5)
5 verbose stack     at ReadFileContext.<anonymous> (/usr/local/lib/node_modules/npm/node_modules/read-package-json/read-json.js:284:20)
5 verbose stack     at ReadFileContext.callback (/usr/local/lib/node_modules/npm/node_modules/graceful-fs/graceful-fs.js:76:16)
5 verbose stack     at FSReqWrap.readFileAfterOpen [as oncomplete] (fs.js:303:13)
6 verbose cwd /Users/joshuapaulsmyth/repositories_git/Hero-U/Composer
7 error Darwin 12.5.0
8 error argv "/usr/local/bin/node" "/usr/local/bin/npm" "install" "nodewebkit"
9 error node v4.2.3
10 error npm  v2.14.7
11 error Invalid version: "0.1"
12 error If you need help, you may report this error at:
12 error     <https://github.com/npm/npm/issues>
13 verbose exit [ 1, true ]
